<?xml version="1.0" encoding="UTF-8" ?>
<testsuite tests="8" failures="0" name="service.ListOfOfferServiceTest" time="0.005" errors="0" skipped="0">
  <properties>
[...]
</properties>
  <testcase classname="service.ListOfOfferServiceTest" name="deleteOfferById_correct_case" time="0.005"/>
  <testcase classname="service.ListOfOfferServiceTest" name="updateWeddingOffer_NoSuchElementException_expected" time="0"/>
  <testcase classname="service.ListOfOfferServiceTest" name="updateWeddingOffer_correct_case" time="0"/>
  <testcase classname="service.ListOfOfferServiceTest" name="getOfferById_correct_case" time="0"/>
  <testcase classname="service.ListOfOfferServiceTest" name="getAllWeddingOffers_correct_case" time="0"/>
  <testcase classname="service.ListOfOfferServiceTest" name="addOfferToList_correct_case" time="0"/>
  <testcase classname="service.ListOfOfferServiceTest" name="getOfferById_NoSuchElementException_expected" time="0"/>
  <testcase classname="service.ListOfOfferServiceTest" name="deleteOfferById_no_element_to_delete" time="0"/>
</testsuite>